<?xml version="1.0" encoding="UTF-8"?>
<testng-results total="1" passed="1" failed="0" skipped="0">
  <reporter-output>
  </reporter-output>
  <suite started-at="2022-07-11T10:07:41Z" name="Default suite" finished-at="2022-07-11T10:07:52Z" duration-ms="11547">
    <groups>
    </groups>
    <test started-at="2022-07-11T10:07:41Z" name="Default test" finished-at="2022-07-11T10:07:52Z" duration-ms="11547">
      <class name="RequestChaining.CreateProjectGetAndUpdate">
        <test-method signature="createProjectGetAndUpdate()[pri:0, instance:RequestChaining.CreateProjectGetAndUpdate@1672fe87]" started-at="2022-07-11T15:37:41Z" name="createProjectGetAndUpdate" finished-at="2022-07-11T15:37:52Z" duration-ms="11499" status="PASS">
          <reporter-output>
          </reporter-output>
        </test-method> <!-- createProjectGetAndUpdate -->
      </class> <!-- RequestChaining.CreateProjectGetAndUpdate -->
    </test> <!-- Default test -->
  </suite> <!-- Default suite -->
</testng-results>
